# JRE version: OpenJDK Runtime Environment (17.0.6) (build 17.0.6+0-b2043.56-10027231)
# Java VM: OpenJDK 64-Bit Server VM (17.0.6+0-b2043.56-10027231, mixed mode, tiered, compressed oops, compressed class ptrs, g1 gc, windows-amd64)
GC Precious Log:
 CPUs: 12 total, 12 available
 Memory: 6005M
 Large Page Support: Disabled
 NUMA Support: Disabled
 Compressed Oops: Enabled (32-bit)
 Heap Region Size: 1M
 Heap Min Capacity: 8M
 Heap Initial Capacity: 94M
 Heap Max Capacity: 2G
 Pre-touch: Disabled
 Parallel Workers: 10
 Concurrent Workers: 3
 Concurrent Refinement Workers: 10
 Periodic GC: Disabled
Heap:
 garbage-first heap   total 179200K, used 104796K [0x0000000080000000, 0x0000000100000000)
  region size 1024K, 5 young (5120K), 5 survivors (5120K)
 Metaspace       used 92172K, committed 92800K, reserved 1130496K
  class space    used 12428K, committed 12736K, reserved 1048576K
GC Heap History (20 events):
Event: 10.579 GC heap after
{Heap after GC invocations=40 (full 0):
 garbage-first heap   total 119808K, used 72768K [0x0000000080000000, 0x0000000100000000)
  region size 1024K, 4 young (4096K), 4 survivors (4096K)
 Metaspace       used 80975K, committed 81536K, reserved 1122304K
  class space    used 10908K, committed 11200K, reserved 1048576K
}
Event: 11.108 GC heap before
{Heap before GC invocations=41 (full 0):
 garbage-first heap   total 126976K, used 98368K [0x0000000080000000, 0x0000000100000000)
  region size 1024K, 29 young (29696K), 4 survivors (4096K)
 Metaspace       used 84832K, committed 85440K, reserved 1130496K
  class space    used 11457K, committed 11776K, reserved 1048576K
}
Event: 11.111 GC heap after
{Heap after GC invocations=42 (full 0):
 garbage-first heap   total 126976K, used 74390K [0x0000000080000000, 0x0000000100000000)
  region size 1024K, 4 young (4096K), 4 survivors (4096K)
 Metaspace       used 84832K, committed 85440K, reserved 1130496K
  class space    used 11457K, committed 11776K, reserved 1048576K
}
Event: 11.429 GC heap before
{Heap before GC invocations=42 (full 0):
 garbage-first heap   total 126976K, used 105110K [0x0000000080000000, 0x0000000100000000)
  region size 1024K, 34 young (34816K), 4 survivors (4096K)
 Metaspace       used 86555K, committed 87168K, reserved 1130496K
  class space    used 11684K, committed 11968K, reserved 1048576K
}
Event: 11.435 GC heap after
{Heap after GC invocations=43 (full 0):
 garbage-first heap   total 126976K, used 77698K [0x0000000080000000, 0x0000000100000000)
  region size 1024K, 5 young (5120K), 5 survivors (5120K)
 Metaspace       used 86555K, committed 87168K, reserved 1130496K
  class space    used 11684K, committed 11968K, reserved 1048576K
}
Event: 11.727 GC heap before
{Heap before GC invocations=44 (full 0):
 garbage-first heap   total 137216K, used 105346K [0x0000000080000000, 0x0000000100000000)
  region size 1024K, 32 young (32768K), 5 survivors (5120K)
 Metaspace       used 87205K, committed 87872K, reserved 1130496K
  class space    used 11770K, committed 12096K, reserved 1048576K
}
Event: 11.739 GC heap after
{Heap after GC invocations=45 (full 0):
 garbage-first heap   total 137216K, used 82063K [0x0000000080000000, 0x0000000100000000)
  region size 1024K, 4 young (4096K), 4 survivors (4096K)
 Metaspace       used 87205K, committed 87872K, reserved 1130496K
  class space    used 11770K, committed 12096K, reserved 1048576K
}
Event: 11.923 GC heap before
{Heap before GC invocations=45 (full 0):
 garbage-first heap   total 137216K, used 111759K [0x0000000080000000, 0x0000000100000000)
  region size 1024K, 34 young (34816K), 4 survivors (4096K)
 Metaspace       used 87407K, committed 88000K, reserved 1130496K
  class space    used 11778K, committed 12096K, reserved 1048576K
}
Event: 11.929 GC heap after
{Heap after GC invocations=46 (full 0):
 garbage-first heap   total 164864K, used 87613K [0x0000000080000000, 0x0000000100000000)
  region size 1024K, 5 young (5120K), 5 survivors (5120K)
 Metaspace       used 87407K, committed 88000K, reserved 1130496K
  class space    used 11778K, committed 12096K, reserved 1048576K
}
Event: 12.851 GC heap before
{Heap before GC invocations=47 (full 0):
 garbage-first heap   total 164864K, used 130621K [0x0000000080000000, 0x0000000100000000)
  region size 1024K, 48 young (49152K), 5 survivors (5120K)
 Metaspace       used 91169K, committed 91776K, reserved 1130496K
  class space    used 12340K, committed 12608K, reserved 1048576K
}
Event: 12.863 GC heap after
{Heap after GC invocations=48 (full 0):
 garbage-first heap   total 164864K, used 93817K [0x0000000080000000, 0x0000000100000000)
  region size 1024K, 6 young (6144K), 6 survivors (6144K)
 Metaspace       used 91169K, committed 91776K, reserved 1130496K
  class space    used 12340K, committed 12608K, reserved 1048576K
}
Event: 12.882 GC heap before
{Heap before GC invocations=48 (full 0):
 garbage-first heap   total 164864K, used 94841K [0x0000000080000000, 0x0000000100000000)
  region size 1024K, 8 young (8192K), 6 survivors (6144K)
 Metaspace       used 91243K, committed 91904K, reserved 1130496K
  class space    used 12358K, committed 12672K, reserved 1048576K
}
Event: 12.888 GC heap after
{Heap after GC invocations=49 (full 0):
 garbage-first heap   total 164864K, used 94860K [0x0000000080000000, 0x0000000100000000)
  region size 1024K, 1 young (1024K), 1 survivors (1024K)
 Metaspace       used 91243K, committed 91904K, reserved 1130496K
  class space    used 12358K, committed 12672K, reserved 1048576K
}
Event: 13.112 GC heap before
{Heap before GC invocations=49 (full 0):
 garbage-first heap   total 164864K, used 131724K [0x0000000080000000, 0x0000000100000000)
  region size 1024K, 38 young (38912K), 1 survivors (1024K)
 Metaspace       used 91504K, committed 92160K, reserved 1130496K
  class space    used 12392K, committed 12672K, reserved 1048576K
}
Event: 13.115 GC heap after
{Heap after GC invocations=50 (full 0):
 garbage-first heap   total 164864K, used 98919K [0x0000000080000000, 0x0000000100000000)
  region size 1024K, 5 young (5120K), 5 survivors (5120K)
 Metaspace       used 91504K, committed 92160K, reserved 1130496K
  class space    used 12392K, committed 12672K, reserved 1048576K
}
Event: 13.700 GC heap before
{Heap before GC invocations=51 (full 0):
 garbage-first heap   total 179200K, used 133735K [0x0000000080000000, 0x0000000100000000)
  region size 1024K, 40 young (40960K), 5 survivors (5120K)
 Metaspace       used 91694K, committed 92288K, reserved 1130496K
  class space    used 12395K, committed 12672K, reserved 1048576K
}
Event: 13.717 GC heap after
{Heap after GC invocations=52 (full 0):
 garbage-first heap   total 179200K, used 101698K [0x0000000080000000, 0x0000000100000000)
  region size 1024K, 5 young (5120K), 5 survivors (5120K)
 Metaspace       used 91694K, committed 92288K, reserved 1130496K
  class space    used 12395K, committed 12672K, reserved 1048576K
}
Event: 13.762 GC heap before
{Heap before GC invocations=52 (full 0):
 garbage-first heap   total 179200K, used 103746K [0x0000000080000000, 0x0000000100000000)
  region size 1024K, 8 young (8192K), 5 survivors (5120K)
 Metaspace       used 91734K, committed 92352K, reserved 1130496K
  class space    used 12395K, committed 12672K, reserved 1048576K
}
Event: 13.769 GC heap after
{Heap after GC invocations=53 (full 0):
 garbage-first heap   total 179200K, used 101029K [0x0000000080000000, 0x0000000100000000)
  region size 1024K, 1 young (1024K), 1 survivors (1024K)
 Metaspace       used 91734K, committed 92352K, reserved 1130496K
  class space    used 12395K, committed 12672K, reserved 1048576K
}
Event: 14.158 GC heap before
{Heap before GC invocations=53 (full 0):
 garbage-first heap   total 179200K, used 143013K [0x0000000080000000, 0x0000000100000000)
  region size 1024K, 43 young (44032K), 1 survivors (1024K)
 Metaspace       used 92172K, committed 92800K, reserved 1130496K
  class space    used 12428K, committed 12736K, reserved 1048576K
}

